Performing C SOURCE FILE Test CMAKE_HAVE_LIBC_PTHREAD failed with the following output:
Change Dir: /home/netman/robotics/ground_control/build/CMakeFiles/CMakeTmp

Run Build Command(s):/usr/bin/ninja cmTC_00141 && [1/2] Building C object CMakeFiles/cmTC_00141.dir/src.c.o
[2/2] Linking C executable cmTC_00141
FAILED: cmTC_00141 
: && /usr/bin/clang-13   CMakeFiles/cmTC_00141.dir/src.c.o -o cmTC_00141   && :
/usr/bin/ld: CMakeFiles/cmTC_00141.dir/src.c.o: in function `main':
src.c:(.text+0x22): undefined reference to `pthread_create'
/usr/bin/ld: src.c:(.text+0x2b): undefined reference to `pthread_detach'
/usr/bin/ld: src.c:(.text+0x34): undefined reference to `pthread_cancel'
/usr/bin/ld: src.c:(.text+0x41): undefined reference to `pthread_join'
clang-13: error: linker command failed with exit code 1 (use -v to see invocation)
ninja: build stopped: subcommand failed.


Source file was:
#include <pthread.h>

static void* test_func(void* data)
{
  return data;
}

int main(void)
{
  pthread_t thread;
  pthread_create(&thread, NULL, test_func, NULL);
  pthread_detach(thread);
  pthread_cancel(thread);
  pthread_join(thread, NULL);
  pthread_atfork(NULL, NULL, NULL);
  pthread_exit(NULL);

  return 0;
}

Determining if the function pthread_create exists in the pthreads failed with the following output:
Change Dir: /home/netman/robotics/ground_control/build/CMakeFiles/CMakeTmp

Run Build Command(s):/usr/bin/ninja cmTC_56a3e && [1/2] Building C object CMakeFiles/cmTC_56a3e.dir/CheckFunctionExists.c.o
[2/2] Linking C executable cmTC_56a3e
FAILED: cmTC_56a3e 
: && /usr/bin/clang-13 -DCHECK_FUNCTION_EXISTS=pthread_create  CMakeFiles/cmTC_56a3e.dir/CheckFunctionExists.c.o -o cmTC_56a3e  -lpthreads && :
/usr/bin/ld: cannot find -lpthreads
clang-13: error: linker command failed with exit code 1 (use -v to see invocation)
ninja: build stopped: subcommand failed.



